<?xml version="1.0" encoding="UTF-8"?>
<robot generator="Robot 6.0.2 (Python 3.9.13 on win32)" generated="20230125 16:25:43.263" rpa="false" schemaversion="3">
<suite id="s1" name="Add Employee Test" source="C:\Users\40032436\OneDrive - LTTS\Desktop\orange_automation\2__employee_suite\01__add_employee_test.robot">
<test id="s1-t1" name="Valid Template Test ${test_name}" line="13">
<kw name="Launch Browser and Navigate to Url" library="common_functionalities" type="SETUP">
<kw name="Open Browser" library="SeleniumLibrary">
<arg>browser=${BROWSER_NAME}</arg>
<doc>Opens a new browser instance to the optional ``url``.</doc>
<msg timestamp="20230125 16:25:44.420" level="INFO">Opening browser 'chrome' to base url 'None'.</msg>
<status status="PASS" starttime="20230125 16:25:44.420" endtime="20230125 16:25:46.343"/>
</kw>
<kw name="Maximize Browser Window" library="SeleniumLibrary">
<doc>Maximizes current browser window.</doc>
<status status="PASS" starttime="20230125 16:25:46.343" endtime="20230125 16:25:46.474"/>
</kw>
<kw name="Set Selenium Implicit Wait" library="SeleniumLibrary">
<arg>30s</arg>
<doc>Sets the implicit wait value used by Selenium.</doc>
<status status="PASS" starttime="20230125 16:25:46.474" endtime="20230125 16:25:46.481"/>
</kw>
<kw name="Go To" library="SeleniumLibrary">
<arg>url=${URL}</arg>
<doc>Navigates the current browser window to the provided ``url``.</doc>
<msg timestamp="20230125 16:25:46.486" level="INFO">Opening url 'https://opensource-demo.orangehrmlive.com/web/index.php/auth/login'</msg>
<status status="PASS" starttime="20230125 16:25:46.482" endtime="20230125 16:25:55.191"/>
</kw>
<status status="PASS" starttime="20230125 16:25:44.400" endtime="20230125 16:25:55.191"/>
</kw>
<kw name="Valid Template">
<arg>Admin</arg>
<arg>admin123</arg>
<arg>Jack</arg>
<arg>j</arg>
<arg>Ken</arg>
<arg>Jack Ken</arg>
<arg>Jack</arg>
<kw name="Input Text" library="SeleniumLibrary">
<arg>name=username</arg>
<arg>${username}</arg>
<doc>Types the given ``text`` into the text field identified by ``locator``.</doc>
<msg timestamp="20230125 16:25:55.199" level="INFO">Typing text 'Admin' into text field 'name=username'.</msg>
<status status="PASS" starttime="20230125 16:25:55.191" endtime="20230125 16:25:56.538"/>
</kw>
<kw name="Input Text" library="SeleniumLibrary">
<arg>name=password</arg>
<arg>${password}</arg>
<doc>Types the given ``text`` into the text field identified by ``locator``.</doc>
<msg timestamp="20230125 16:25:56.539" level="INFO">Typing text 'admin123' into text field 'name=password'.</msg>
<status status="PASS" starttime="20230125 16:25:56.539" endtime="20230125 16:25:56.682"/>
</kw>
<kw name="Click Element" library="SeleniumLibrary">
<arg>xpath=//button[contains(normalize-space(),'Login')]</arg>
<doc>Click the element identified by ``locator``.</doc>
<msg timestamp="20230125 16:25:56.682" level="INFO">Clicking element 'xpath=//button[contains(normalize-space(),'Login')]'.</msg>
<status status="PASS" starttime="20230125 16:25:56.682" endtime="20230125 16:25:56.773"/>
</kw>
<kw name="Click Element" library="SeleniumLibrary">
<arg>xpath=//span[contains(normalize-space(),'PIM')]</arg>
<doc>Click the element identified by ``locator``.</doc>
<msg timestamp="20230125 16:25:56.773" level="INFO">Clicking element 'xpath=//span[contains(normalize-space(),'PIM')]'.</msg>
<status status="PASS" starttime="20230125 16:25:56.773" endtime="20230125 16:26:00.669"/>
</kw>
<kw name="Click Element" library="SeleniumLibrary">
<arg>link=Add Employee</arg>
<doc>Click the element identified by ``locator``.</doc>
<msg timestamp="20230125 16:26:00.671" level="INFO">Clicking element 'link=Add Employee'.</msg>
<status status="PASS" starttime="20230125 16:26:00.670" endtime="20230125 16:26:03.361"/>
</kw>
<kw name="Input Text" library="SeleniumLibrary">
<arg>name=firstName</arg>
<arg>${firstName}</arg>
<doc>Types the given ``text`` into the text field identified by ``locator``.</doc>
<msg timestamp="20230125 16:26:03.363" level="INFO">Typing text 'Jack' into text field 'name=firstName'.</msg>
<status status="PASS" starttime="20230125 16:26:03.362" endtime="20230125 16:26:04.385"/>
</kw>
<kw name="Input Text" library="SeleniumLibrary">
<arg>name=middleName</arg>
<arg>${middleName}</arg>
<doc>Types the given ``text`` into the text field identified by ``locator``.</doc>
<msg timestamp="20230125 16:26:04.385" level="INFO">Typing text 'j' into text field 'name=middleName'.</msg>
<status status="PASS" starttime="20230125 16:26:04.385" endtime="20230125 16:26:04.501"/>
</kw>
<kw name="Input Text" library="SeleniumLibrary">
<arg>name=lastName</arg>
<arg>${lastName}</arg>
<doc>Types the given ``text`` into the text field identified by ``locator``.</doc>
<msg timestamp="20230125 16:26:04.501" level="INFO">Typing text 'Ken' into text field 'name=lastName'.</msg>
<status status="PASS" starttime="20230125 16:26:04.501" endtime="20230125 16:26:04.629"/>
</kw>
<kw name="Click Element" library="SeleniumLibrary">
<arg>xpath=//button[contains(normalize-space(),'Save')]</arg>
<doc>Click the element identified by ``locator``.</doc>
<msg timestamp="20230125 16:26:04.629" level="INFO">Clicking element 'xpath=//button[contains(normalize-space(),'Save')]'.</msg>
<status status="PASS" starttime="20230125 16:26:04.629" endtime="20230125 16:26:05.249"/>
</kw>
<kw name="Wait Until Page Contains" library="SeleniumLibrary">
<arg>${firstName}${SPACE}${lastName}</arg>
<doc>Waits until ``text`` appears on the current page.</doc>
<status status="PASS" starttime="20230125 16:26:05.249" endtime="20230125 16:26:10.701"/>
</kw>
<kw name="Element Should Contain" library="SeleniumLibrary">
<arg>xpath=//h6[contains(normalize-space(),'${firstName}')]</arg>
<arg>${expected_header}</arg>
<doc>Verifies that element ``locator`` contains text ``expected``.</doc>
<msg timestamp="20230125 16:26:10.734" level="INFO">Element 'xpath=//h6[contains(normalize-space(),'Jack')]' contains text 'Jack Ken'.</msg>
<status status="PASS" starttime="20230125 16:26:10.701" endtime="20230125 16:26:10.734"/>
</kw>
<kw name="Element Attribute Value Should Be" library="SeleniumLibrary">
<arg>name=firstName</arg>
<arg>value</arg>
<arg>${expected_value}</arg>
<doc>Verifies element identified by ``locator`` contains expected attribute value.</doc>
<msg timestamp="20230125 16:26:10.776" level="INFO">Element 'name=firstName' attribute 'value' contains value 'Jack'.</msg>
<status status="PASS" starttime="20230125 16:26:10.734" endtime="20230125 16:26:10.776"/>
</kw>
<status status="PASS" starttime="20230125 16:25:55.191" endtime="20230125 16:26:10.776"/>
</kw>
<kw name="Close Browser" library="SeleniumLibrary" type="TEARDOWN">
<doc>Closes the current browser.</doc>
<status status="PASS" starttime="20230125 16:26:10.776" endtime="20230125 16:26:13.081"/>
</kw>
<status status="PASS" starttime="20230125 16:25:44.400" endtime="20230125 16:26:13.081"/>
</test>
<test id="s1-t2" name="Valid Template Test ${test_name}" line="13">
<kw name="Launch Browser and Navigate to Url" library="common_functionalities" type="SETUP">
<kw name="Open Browser" library="SeleniumLibrary">
<arg>browser=${BROWSER_NAME}</arg>
<doc>Opens a new browser instance to the optional ``url``.</doc>
<msg timestamp="20230125 16:26:13.081" level="INFO">Opening browser 'chrome' to base url 'None'.</msg>
<status status="PASS" starttime="20230125 16:26:13.081" endtime="20230125 16:26:15.017"/>
</kw>
<kw name="Maximize Browser Window" library="SeleniumLibrary">
<doc>Maximizes current browser window.</doc>
<status status="PASS" starttime="20230125 16:26:15.022" endtime="20230125 16:26:15.155"/>
</kw>
<kw name="Set Selenium Implicit Wait" library="SeleniumLibrary">
<arg>30s</arg>
<doc>Sets the implicit wait value used by Selenium.</doc>
<status status="PASS" starttime="20230125 16:26:15.155" endtime="20230125 16:26:15.162"/>
</kw>
<kw name="Go To" library="SeleniumLibrary">
<arg>url=${URL}</arg>
<doc>Navigates the current browser window to the provided ``url``.</doc>
<msg timestamp="20230125 16:26:15.162" level="INFO">Opening url 'https://opensource-demo.orangehrmlive.com/web/index.php/auth/login'</msg>
<status status="PASS" starttime="20230125 16:26:15.162" endtime="20230125 16:26:25.655"/>
</kw>
<status status="PASS" starttime="20230125 16:26:13.081" endtime="20230125 16:26:25.655"/>
</kw>
<kw name="Valid Template">
<arg>Admin</arg>
<arg>admin123</arg>
<arg>Rahul</arg>
<arg>L</arg>
<arg>Yadav</arg>
<arg>Rahul Yadav</arg>
<arg>Rahul</arg>
<kw name="Input Text" library="SeleniumLibrary">
<arg>name=username</arg>
<arg>${username}</arg>
<doc>Types the given ``text`` into the text field identified by ``locator``.</doc>
<msg timestamp="20230125 16:26:25.655" level="INFO">Typing text 'Admin' into text field 'name=username'.</msg>
<status status="PASS" starttime="20230125 16:26:25.655" endtime="20230125 16:26:26.839"/>
</kw>
<kw name="Input Text" library="SeleniumLibrary">
<arg>name=password</arg>
<arg>${password}</arg>
<doc>Types the given ``text`` into the text field identified by ``locator``.</doc>
<msg timestamp="20230125 16:26:26.839" level="INFO">Typing text 'admin123' into text field 'name=password'.</msg>
<status status="PASS" starttime="20230125 16:26:26.839" endtime="20230125 16:26:26.966"/>
</kw>
<kw name="Click Element" library="SeleniumLibrary">
<arg>xpath=//button[contains(normalize-space(),'Login')]</arg>
<doc>Click the element identified by ``locator``.</doc>
<msg timestamp="20230125 16:26:26.966" level="INFO">Clicking element 'xpath=//button[contains(normalize-space(),'Login')]'.</msg>
<status status="PASS" starttime="20230125 16:26:26.966" endtime="20230125 16:26:27.039"/>
</kw>
<kw name="Click Element" library="SeleniumLibrary">
<arg>xpath=//span[contains(normalize-space(),'PIM')]</arg>
<doc>Click the element identified by ``locator``.</doc>
<msg timestamp="20230125 16:26:27.041" level="INFO">Clicking element 'xpath=//span[contains(normalize-space(),'PIM')]'.</msg>
<status status="PASS" starttime="20230125 16:26:27.040" endtime="20230125 16:26:30.643"/>
</kw>
<kw name="Click Element" library="SeleniumLibrary">
<arg>link=Add Employee</arg>
<doc>Click the element identified by ``locator``.</doc>
<msg timestamp="20230125 16:26:30.643" level="INFO">Clicking element 'link=Add Employee'.</msg>
<status status="PASS" starttime="20230125 16:26:30.643" endtime="20230125 16:26:32.554"/>
</kw>
<kw name="Input Text" library="SeleniumLibrary">
<arg>name=firstName</arg>
<arg>${firstName}</arg>
<doc>Types the given ``text`` into the text field identified by ``locator``.</doc>
<msg timestamp="20230125 16:26:32.557" level="INFO">Typing text 'Rahul' into text field 'name=firstName'.</msg>
<status status="PASS" starttime="20230125 16:26:32.557" endtime="20230125 16:26:33.155"/>
</kw>
<kw name="Input Text" library="SeleniumLibrary">
<arg>name=middleName</arg>
<arg>${middleName}</arg>
<doc>Types the given ``text`` into the text field identified by ``locator``.</doc>
<msg timestamp="20230125 16:26:33.155" level="INFO">Typing text 'L' into text field 'name=middleName'.</msg>
<status status="PASS" starttime="20230125 16:26:33.155" endtime="20230125 16:26:33.289"/>
</kw>
<kw name="Input Text" library="SeleniumLibrary">
<arg>name=lastName</arg>
<arg>${lastName}</arg>
<doc>Types the given ``text`` into the text field identified by ``locator``.</doc>
<msg timestamp="20230125 16:26:33.290" level="INFO">Typing text 'Yadav' into text field 'name=lastName'.</msg>
<status status="PASS" starttime="20230125 16:26:33.289" endtime="20230125 16:26:33.430"/>
</kw>
<kw name="Click Element" library="SeleniumLibrary">
<arg>xpath=//button[contains(normalize-space(),'Save')]</arg>
<doc>Click the element identified by ``locator``.</doc>
<msg timestamp="20230125 16:26:33.430" level="INFO">Clicking element 'xpath=//button[contains(normalize-space(),'Save')]'.</msg>
<status status="PASS" starttime="20230125 16:26:33.430" endtime="20230125 16:26:33.959"/>
</kw>
<kw name="Wait Until Page Contains" library="SeleniumLibrary">
<arg>${firstName}${SPACE}${lastName}</arg>
<doc>Waits until ``text`` appears on the current page.</doc>
<status status="PASS" starttime="20230125 16:26:33.959" endtime="20230125 16:26:39.113"/>
</kw>
<kw name="Element Should Contain" library="SeleniumLibrary">
<arg>xpath=//h6[contains(normalize-space(),'${firstName}')]</arg>
<arg>${expected_header}</arg>
<doc>Verifies that element ``locator`` contains text ``expected``.</doc>
<msg timestamp="20230125 16:26:39.156" level="INFO">Element 'xpath=//h6[contains(normalize-space(),'Rahul')]' contains text 'Rahul Yadav'.</msg>
<status status="PASS" starttime="20230125 16:26:39.113" endtime="20230125 16:26:39.156"/>
</kw>
<kw name="Element Attribute Value Should Be" library="SeleniumLibrary">
<arg>name=firstName</arg>
<arg>value</arg>
<arg>${expected_value}</arg>
<doc>Verifies element identified by ``locator`` contains expected attribute value.</doc>
<msg timestamp="20230125 16:26:39.195" level="INFO">Element 'name=firstName' attribute 'value' contains value 'Rahul'.</msg>
<status status="PASS" starttime="20230125 16:26:39.156" endtime="20230125 16:26:39.195"/>
</kw>
<status status="PASS" starttime="20230125 16:26:25.655" endtime="20230125 16:26:39.195"/>
</kw>
<kw name="Close Browser" library="SeleniumLibrary" type="TEARDOWN">
<doc>Closes the current browser.</doc>
<status status="PASS" starttime="20230125 16:26:39.195" endtime="20230125 16:26:41.485"/>
</kw>
<status status="PASS" starttime="20230125 16:26:13.081" endtime="20230125 16:26:41.485"/>
</test>
<doc>This file contains test case for add valid employee
records</doc>
<status status="PASS" starttime="20230125 16:25:43.268" endtime="20230125 16:26:41.485"/>
</suite>
<statistics>
<total>
<stat pass="2" fail="0" skip="0">All Tests</stat>
</total>
<tag>
</tag>
<suite>
<stat pass="2" fail="0" skip="0" id="s1" name="Add Employee Test">Add Employee Test</stat>
</suite>
</statistics>
<errors>
<msg timestamp="20230125 16:26:13.081" level="WARN">Multiple tests with name 'Valid Template Test${SPACE}${test_name}' executed in suite 'Add Employee Test'.</msg>
</errors>
</robot>
